<?xml version="1.0" encoding="UTF-8"?>
<testng-results skipped="0" failed="0" total="1" passed="1">
  <reporter-output>
  </reporter-output>
  <suite name="Default suite" duration-ms="52178" started-at="2019-05-31T09:46:44Z" finished-at="2019-05-31T09:47:36Z">
    <groups>
    </groups>
    <test name="Default test" duration-ms="52178" started-at="2019-05-31T09:46:44Z" finished-at="2019-05-31T09:47:36Z">
      <class name="sampled.NewTest">
        <test-method status="PASS" signature="testGoogleTitle()[pri:0, instance:sampled.NewTest@2aafb23c]" name="testGoogleTitle" duration-ms="52122" started-at="2019-05-31T15:16:44Z" finished-at="2019-05-31T15:17:36Z">
          <reporter-output>
          </reporter-output>
        </test-method> <!-- testGoogleTitle -->
      </class> <!-- sampled.NewTest -->
    </test> <!-- Default test -->
  </suite> <!-- Default suite -->
</testng-results>
